{"/Users/pranaygp/Documents/misc/basic-arithmetic/spec/artmtcSpec.js":{"path":"/Users/pranaygp/Documents/misc/basic-arithmetic/spec/artmtcSpec.js","s":{"1":1,"2":1,"3":1,"4":1,"5":1,"6":1,"7":1,"8":1,"9":1,"10":1,"11":1,"12":1,"13":1},"b":{},"f":{"1":1,"2":1,"3":1,"4":1,"5":1},"fnMap":{"1":{"name":"(anonymous_1)","line":3,"loc":{"start":{"line":3,"column":29},"end":{"line":3,"column":39}}},"2":{"name":"(anonymous_2)","line":4,"loc":{"start":{"line":4,"column":16},"end":{"line":4,"column":26}}},"3":{"name":"(anonymous_3)","line":7,"loc":{"start":{"line":7,"column":22},"end":{"line":7,"column":32}}},"4":{"name":"(anonymous_4)","line":11,"loc":{"start":{"line":11,"column":21},"end":{"line":11,"column":31}}},"5":{"name":"(anonymous_5)","line":15,"loc":{"start":{"line":15,"column":19},"end":{"line":15,"column":29}}}},"statementMap":{"1":{"start":{"line":1,"column":0},"end":{"line":1,"column":30}},"2":{"start":{"line":3,"column":0},"end":{"line":19,"column":2}},"3":{"start":{"line":4,"column":2},"end":{"line":6,"column":4}},"4":{"start":{"line":5,"column":4},"end":{"line":5,"column":40}},"5":{"start":{"line":7,"column":2},"end":{"line":10,"column":4}},"6":{"start":{"line":8,"column":4},"end":{"line":8,"column":45}},"7":{"start":{"line":9,"column":4},"end":{"line":9,"column":40}},"8":{"start":{"line":11,"column":2},"end":{"line":14,"column":4}},"9":{"start":{"line":12,"column":4},"end":{"line":12,"column":46}},"10":{"start":{"line":13,"column":4},"end":{"line":13,"column":42}},"11":{"start":{"line":15,"column":2},"end":{"line":18,"column":4}},"12":{"start":{"line":16,"column":4},"end":{"line":16,"column":44}},"13":{"start":{"line":17,"column":4},"end":{"line":17,"column":41}}},"branchMap":{}},"/Users/pranaygp/Documents/misc/basic-arithmetic/dist/artmtc.js":{"path":"/Users/pranaygp/Documents/misc/basic-arithmetic/dist/artmtc.js","s":{"1":1,"2":1,"3":1,"4":2,"5":1,"6":2,"7":1,"8":2},"b":{},"f":{"1":1,"2":1,"3":2,"4":1,"5":2,"6":1,"7":2},"fnMap":{"1":{"name":"(anonymous_1)","line":1,"loc":{"start":{"line":1,"column":33},"end":{"line":1,"column":46}}},"2":{"name":"(anonymous_2)","line":1,"loc":{"start":{"line":1,"column":63},"end":{"line":1,"column":76}}},"3":{"name":"(anonymous_3)","line":1,"loc":{"start":{"line":1,"column":113},"end":{"line":1,"column":126}}},"4":{"name":"(anonymous_4)","line":1,"loc":{"start":{"line":1,"column":144},"end":{"line":1,"column":157}}},"5":{"name":"(anonymous_5)","line":1,"loc":{"start":{"line":1,"column":194},"end":{"line":1,"column":207}}},"6":{"name":"(anonymous_6)","line":1,"loc":{"start":{"line":1,"column":224},"end":{"line":1,"column":237}}},"7":{"name":"(anonymous_7)","line":1,"loc":{"start":{"line":1,"column":270},"end":{"line":1,"column":283}}}},"statementMap":{"1":{"start":{"line":1,"column":13},"end":{"line":1,"column":297}},"2":{"start":{"line":1,"column":47},"end":{"line":1,"column":57}},"3":{"start":{"line":1,"column":77},"end":{"line":1,"column":102}},"4":{"start":{"line":1,"column":127},"end":{"line":1,"column":137}},"5":{"start":{"line":1,"column":158},"end":{"line":1,"column":183}},"6":{"start":{"line":1,"column":208},"end":{"line":1,"column":218}},"7":{"start":{"line":1,"column":238},"end":{"line":1,"column":261}},"8":{"start":{"line":1,"column":284},"end":{"line":1,"column":294}}},"branchMap":{}}}